  ball.cpp
  cpu.cpp
  gamescore.cpp
  player.cpp
  processes.cpp
..\..\src\processes.cpp(36): warning C4305: 'argument': truncation from 'double' to 'const Cpu::Seconds'
  shape.cpp
LINK : warning C4727: PCH named c:\cygwin64\home\rafael\git\github\multithreaded-pong-sfml\vc\project\x64\release\project.pch with same timestamp found in c:\cygwin64\home\rafael\git\github\multithreaded-pong-sfml\vc\project\x64\release\cpu.obj and c:\cygwin64\home\rafael\git\github\multithreaded-pong-sfml\vc\project\x64\release\ball.obj.  Using first PCH.
LINK : warning C4727: PCH named c:\cygwin64\home\rafael\git\github\multithreaded-pong-sfml\vc\project\x64\release\project.pch with same timestamp found in c:\cygwin64\home\rafael\git\github\multithreaded-pong-sfml\vc\project\x64\release\gamescore.obj and c:\cygwin64\home\rafael\git\github\multithreaded-pong-sfml\vc\project\x64\release\ball.obj.  Using first PCH.
LINK : warning C4727: PCH named c:\cygwin64\home\rafael\git\github\multithreaded-pong-sfml\vc\project\x64\release\project.pch with same timestamp found in c:\cygwin64\home\rafael\git\github\multithreaded-pong-sfml\vc\project\x64\release\main.obj and c:\cygwin64\home\rafael\git\github\multithreaded-pong-sfml\vc\project\x64\release\gamewindow.obj.  Using first PCH.
LINK : warning C4727: PCH named c:\cygwin64\home\rafael\git\github\multithreaded-pong-sfml\vc\project\x64\release\project.pch with same timestamp found in c:\cygwin64\home\rafael\git\github\multithreaded-pong-sfml\vc\project\x64\release\particle.obj and c:\cygwin64\home\rafael\git\github\multithreaded-pong-sfml\vc\project\x64\release\gamewindow.obj.  Using first PCH.
LINK : warning C4727: PCH named c:\cygwin64\home\rafael\git\github\multithreaded-pong-sfml\vc\project\x64\release\project.pch with same timestamp found in c:\cygwin64\home\rafael\git\github\multithreaded-pong-sfml\vc\project\x64\release\pch.obj and c:\cygwin64\home\rafael\git\github\multithreaded-pong-sfml\vc\project\x64\release\gamewindow.obj.  Using first PCH.
LINK : warning C4727: PCH named c:\cygwin64\home\rafael\git\github\multithreaded-pong-sfml\vc\project\x64\release\project.pch with same timestamp found in c:\cygwin64\home\rafael\git\github\multithreaded-pong-sfml\vc\project\x64\release\player.obj and c:\cygwin64\home\rafael\git\github\multithreaded-pong-sfml\vc\project\x64\release\ball.obj.  Using first PCH.
LINK : warning C4727: PCH named c:\cygwin64\home\rafael\git\github\multithreaded-pong-sfml\vc\project\x64\release\project.pch with same timestamp found in c:\cygwin64\home\rafael\git\github\multithreaded-pong-sfml\vc\project\x64\release\processes.obj and c:\cygwin64\home\rafael\git\github\multithreaded-pong-sfml\vc\project\x64\release\ball.obj.  Using first PCH.
LINK : warning C4727: PCH named c:\cygwin64\home\rafael\git\github\multithreaded-pong-sfml\vc\project\x64\release\project.pch with same timestamp found in c:\cygwin64\home\rafael\git\github\multithreaded-pong-sfml\vc\project\x64\release\shape.obj and c:\cygwin64\home\rafael\git\github\multithreaded-pong-sfml\vc\project\x64\release\ball.obj.  Using first PCH.
  Generating code
  3 of 602 functions ( 0.5%) were compiled, the rest were copied from previous compilation.
    0 functions were new in current compilation
    3 functions had inline decision re-evaluated but remain unchanged
  Finished generating code
  project.vcxproj -> C:\cygwin64\home\Rafael\Git\github\multithreaded-pong-sfml\vc\project\x64\Release\project.exe
  project.vcxproj -> C:\cygwin64\home\Rafael\Git\github\multithreaded-pong-sfml\vc\project\x64\Release\project.pdb (Full PDB)
